<?xml version="1.0" encoding="UTF-8"?>
<!-- Generated by org.testng.reporters.JUnitReportReporter -->
<testsuite hostname="VMT15594" failures="0" tests="4" name="testNgParllelMethodExecution.day5" time="244.049" errors="0" timestamp="2023-01-03T12:41:24 IST" skipped="0">
  <testcase classname="testNgParllelMethodExecution.day5" name="HomeLoanWebLigin1" time="61.016"/>
  <system-out/>
  <testcase classname="testNgParllelMethodExecution.day5" name="HomeLoanWebLigin2" time="61.016"/>
  <system-out/>
  <testcase classname="testNgParllelMethodExecution.day5" name="HomeLoanWebLigin3" time="61.009"/>
  <system-out/>
  <testcase classname="testNgParllelMethodExecution.day5" name="HomeLoanWebLigin4" time="61.008"/>
  <system-out/>
</testsuite> <!-- testNgParllelMethodExecution.day5 -->
