<?xml version="1.0" encoding="UTF-8"?>
<!-- Generated by org.testng.reporters.JUnitReportReporter -->
<testsuite hostname="VMT15594" failures="0" tests="6" name="testng.tutorial.day3" time="10.597" errors="0" timestamp="2023-01-02T19:44:19 IST" skipped="0">
  <testcase classname="testng.tutorial.day3" name="carCoverageValidation" time="3.363"/>
  <system-out/>
  <testcase classname="testng.tutorial.day3" name="carZeroDipValidation" time="1.355"/>
  <system-out/>
  <testcase classname="testng.tutorial.day3" name="carLoanMobileLigin" time="1.518"/>
  <system-out/>
  <testcase classname="testng.tutorial.day3" name="carTelematicValidation" time="1.400"/>
  <system-out/>
  <testcase classname="testng.tutorial.day3" name="carLoanAPILigin" time="1.532"/>
  <system-out/>
  <testcase classname="testng.tutorial.day3" name="carLoanWebLigin" time="1.429"/>
  <system-out/>
</testsuite> <!-- testng.tutorial.day3 -->
