<?xml version="1.0" encoding="UTF-8"?>
<!-- Generated by org.testng.reporters.JUnitReportReporter -->
<testsuite hostname="VMT15594" failures="0" tests="1" name="testng.GroupingFor.smoke.day2" time="0.002" errors="0" timestamp="2023-01-03T16:38:45 IST" skipped="0">
  <testcase classname="testng.GroupingFor.smoke.day2" name="day2Test" time="0.002"/>
  <system-out/>
</testsuite> <!-- testng.GroupingFor.smoke.day2 -->
