<?xml version="1.0" encoding="UTF-8"?>
<!-- Generated by org.testng.reporters.JUnitReportReporter -->
<testsuite hostname="VMT15594" failures="0" tests="4" name="testNgParllelTestORModuleExecution.day4Test1Module" time="244.080" errors="0" timestamp="2023-01-03T13:18:34 IST" skipped="0">
  <testcase classname="testNgParllelTestORModuleExecution.day4Test1Module" name="HomeLoanWebLigin4" time="61.015"/>
  <system-out/>
  <testcase classname="testNgParllelTestORModuleExecution.day4Test1Module" name="HomeLoanWebLigin1" time="61.044"/>
  <system-out/>
  <testcase classname="testNgParllelTestORModuleExecution.day4Test1Module" name="HomeLoanWebLigin3" time="61.016"/>
  <system-out/>
  <testcase classname="testNgParllelTestORModuleExecution.day4Test1Module" name="HomeLoanWebLigin2" time="61.005"/>
  <system-out/>
</testsuite> <!-- testNgParllelTestORModuleExecution.day4Test1Module -->
