<?xml version="1.0" encoding="UTF-8"?>
<!-- Generated by org.testng.reporters.JUnitReportReporter -->
<testsuite hostname="VMT15594" failures="0" tests="4" name="testNgParllelTestORModuleExecution.day7Test2Module" time="244.031" errors="0" timestamp="2023-01-03T13:18:34 IST" skipped="0">
  <testcase classname="testNgParllelTestORModuleExecution.day7Test2Module" name="HomeLoanWebLigin4" time="61.011"/>
  <system-out/>
  <testcase classname="testNgParllelTestORModuleExecution.day7Test2Module" name="HomeLoanWebLigin2" time="61.002"/>
  <system-out/>
  <testcase classname="testNgParllelTestORModuleExecution.day7Test2Module" name="HomeLoanWebLigin3" time="61.012"/>
  <system-out/>
  <testcase classname="testNgParllelTestORModuleExecution.day7Test2Module" name="HomeLoanWebLigin1" time="61.006"/>
  <system-out/>
</testsuite> <!-- testNgParllelTestORModuleExecution.day7Test2Module -->
