<?xml version="1.0" encoding="UTF-8"?>
<!-- Generated by org.testng.reporters.JUnitReportReporter -->
<testsuite hostname="VMT15594" failures="0" tests="5" name="testng.tutorial.ErieParameterizingUsingTestNGXml" time="0.009" errors="0" timestamp="2023-01-04T13:00:30 IST" skipped="0">
  <testcase classname="testng.tutorial.ErieParameterizingUsingTestNGXml" name="pintPolicyNumberAndAccountHolderName" time="0.001"/>
  <system-out/>
  <testcase classname="testng.tutorial.ErieParameterizingUsingTestNGXml" name="carLoanLogin" time="0.001"/>
  <system-out/>
  <testcase classname="testng.tutorial.ErieParameterizingUsingTestNGXml" name="nameOfTheDomainOfBusiness" time="0.001"/>
  <system-out/>
  <testcase classname="testng.tutorial.ErieParameterizingUsingTestNGXml" name="personalLoanLogin" time="0.000"/>
  <system-out/>
  <testcase classname="testng.tutorial.ErieParameterizingUsingTestNGXml" name="HomeLoanLogin" time="0.006"/>
  <system-out/>
</testsuite> <!-- testng.tutorial.ErieParameterizingUsingTestNGXml -->
