<?xml version="1.0" encoding="UTF-8"?>
<!-- Generated by org.testng.reporters.JUnitReportReporter -->
<testsuite hostname="VMT15594" failures="0" tests="4" name="testng.tutorial.DataProviderDemoTODriveTestCasesMultipleIterations" time="0.012" errors="0" timestamp="2023-01-04T15:16:10 IST" skipped="0">
  <testcase classname="testng.tutorial.DataProviderDemoTODriveTestCasesMultipleIterations" name="testGeicoLogin" time="0.001"/>
  <system-out/>
  <testcase classname="testng.tutorial.DataProviderDemoTODriveTestCasesMultipleIterations" name="testGeicoLogin" time="0.001"/>
  <system-out/>
  <testcase classname="testng.tutorial.DataProviderDemoTODriveTestCasesMultipleIterations" name="displayMessage" time="0.005"/>
  <system-out/>
  <testcase classname="testng.tutorial.DataProviderDemoTODriveTestCasesMultipleIterations" name="testGeicoLogin" time="0.005"/>
  <system-out/>
</testsuite> <!-- testng.tutorial.DataProviderDemoTODriveTestCasesMultipleIterations -->
