<?xml version="1.0" encoding="UTF-8"?>
<!-- Generated by org.testng.reporters.JUnitReportReporter -->
<testsuite hostname="VMT15594" failures="0" tests="4" name="testNgParllelTestORModuleExecution.day6Test2Module" time="244.094" errors="0" timestamp="2023-01-03T13:18:34 IST" skipped="0">
  <testcase classname="testNgParllelTestORModuleExecution.day6Test2Module" name="HomeLoanWebLigin4" time="61.014"/>
  <system-out/>
  <testcase classname="testNgParllelTestORModuleExecution.day6Test2Module" name="HomeLoanWebLigin1" time="61.044"/>
  <system-out/>
  <testcase classname="testNgParllelTestORModuleExecution.day6Test2Module" name="HomeLoanWebLigin2" time="61.019"/>
  <system-out/>
  <testcase classname="testNgParllelTestORModuleExecution.day6Test2Module" name="HomeLoanWebLigin3" time="61.017"/>
  <system-out/>
</testsuite> <!-- testNgParllelTestORModuleExecution.day6Test2Module -->
