<?xml version="1.0" encoding="UTF-8"?>
<!-- Generated by org.testng.reporters.JUnitReportReporter -->
<testsuite hostname="VMT15594" failures="0" tests="1" name="testng.GroupingFor.smoke.day3" time="0.008" errors="0" timestamp="2023-01-03T16:38:45 IST" skipped="0">
  <testcase classname="testng.GroupingFor.smoke.day3" name="carLoanMobileLigin" time="0.008"/>
  <system-out/>
</testsuite> <!-- testng.GroupingFor.smoke.day3 -->
