<?xml version="1.0" encoding="UTF-8"?>
<!-- Generated by org.testng.reporters.JUnitReportReporter -->
<testsuite hostname="VMT15594" failures="0" tests="4" name="testNgParllelMethodExecution.day6" time="244.047" errors="0" timestamp="2023-01-03T12:41:24 IST" skipped="0">
  <testcase classname="testNgParllelMethodExecution.day6" name="HomeLoanWebLigin1" time="61.007"/>
  <system-out/>
  <testcase classname="testNgParllelMethodExecution.day6" name="HomeLoanWebLigin4" time="61.016"/>
  <system-out/>
  <testcase classname="testNgParllelMethodExecution.day6" name="HomeLoanWebLigin2" time="61.007"/>
  <system-out/>
  <testcase classname="testNgParllelMethodExecution.day6" name="HomeLoanWebLigin3" time="61.017"/>
  <system-out/>
</testsuite> <!-- testNgParllelMethodExecution.day6 -->
