<?xml version="1.0" encoding="UTF-8"?>
<!-- Generated by org.testng.reporters.JUnitReportReporter -->
<testsuite hostname="VMT15594" failures="0" tests="4" name="testng.tutorial.GeicoParameterizingUsingTestNGXml" time="0.002" errors="0" timestamp="2023-01-04T13:00:30 IST" skipped="0">
  <testcase classname="testng.tutorial.GeicoParameterizingUsingTestNGXml" name="carLoanLogin2" time="0.001"/>
  <system-out/>
  <testcase classname="testng.tutorial.GeicoParameterizingUsingTestNGXml" name="carLoanLogin" time="0.001"/>
  <system-out/>
  <testcase classname="testng.tutorial.GeicoParameterizingUsingTestNGXml" name="HomeLoanLogin" time="0.000"/>
  <system-out/>
  <testcase classname="testng.tutorial.GeicoParameterizingUsingTestNGXml" name="personalLoanLogin" time="0.000"/>
  <system-out/>
</testsuite> <!-- testng.tutorial.GeicoParameterizingUsingTestNGXml -->
