<?xml version="1.0" encoding="UTF-8"?>
<!-- Generated by org.testng.reporters.JUnitReportReporter -->
<testsuite hostname="VMT15594" failures="0" tests="3" name="testNGBeforeTestAnnotations.day4" time="0.046" errors="0" timestamp="2023-01-03T06:24:49 IST" skipped="0">
  <testcase classname="testNGBeforeTestAnnotations.day4" name="HomeLoanMobileLigin" time="0.019"/>
  <system-out/>
  <testcase classname="testNGBeforeTestAnnotations.day4" name="HomeLoanAPILigin" time="0.014"/>
  <system-out/>
  <testcase classname="testNGBeforeTestAnnotations.day4" name="HomeLoanWebLigin" time="0.013"/>
  <system-out/>
</testsuite> <!-- testNGBeforeTestAnnotations.day4 -->
