<?xml version="1.0" encoding="UTF-8"?>
<!-- Generated by org.testng.reporters.JUnitReportReporter -->
<testsuite hostname="VMT15594" failures="0" tests="4" name="testNgParllelMethodExecution.day4" time="244.112" errors="0" timestamp="2023-01-03T12:41:24 IST" skipped="0">
  <testcase classname="testNgParllelMethodExecution.day4" name="HomeLoanWebLigin4" time="61.018"/>
  <system-out/>
  <testcase classname="testNgParllelMethodExecution.day4" name="HomeLoanWebLigin3" time="61.004"/>
  <system-out/>
  <testcase classname="testNgParllelMethodExecution.day4" name="HomeLoanWebLigin2" time="61.045"/>
  <system-out/>
  <testcase classname="testNgParllelMethodExecution.day4" name="HomeLoanWebLigin1" time="61.045"/>
  <system-out/>
</testsuite> <!-- testNgParllelMethodExecution.day4 -->
