<?xml version="1.0" encoding="UTF-8"?>
<!-- Generated by org.testng.reporters.JUnitReportReporter -->
<testsuite hostname="VMT15594" failures="0" tests="2" name="testNGBeforeTestAnnotations.day1" time="0.033" errors="0" timestamp="2023-01-03T06:24:49 IST" skipped="0">
  <testcase classname="testNGBeforeTestAnnotations.day1" name="tet2" time="0.017"/>
  <system-out/>
  <testcase classname="testNGBeforeTestAnnotations.day1" name="itsATestCaseName" time="0.016"/>
  <system-out/>
</testsuite> <!-- testNGBeforeTestAnnotations.day1 -->
