<?xml version="1.0" encoding="UTF-8"?>
<!-- Generated by org.testng.reporters.JUnitReportReporter -->
<testsuite hostname="VMT15594" failures="0" tests="1" name="testNGBeforeTestAnnotations.day2" time="0.010" errors="0" timestamp="2023-01-03T06:24:49 IST" skipped="0">
  <testcase classname="testNGBeforeTestAnnotations.day2" name="day2Test" time="0.010"/>
  <system-out/>
</testsuite> <!-- testNGBeforeTestAnnotations.day2 -->
