<?xml version="1.0" encoding="UTF-8"?>
<!-- Generated by org.testng.reporters.JUnitReportReporter -->
<testsuite hostname="VMT15594" failures="0" tests="3" name="testng.tutorial.day4" time="0.004" errors="0" timestamp="2023-01-03T15:44:33 IST" skipped="0">
  <testcase classname="testng.tutorial.day4" name="HomeLoanWebLigin" time="0.001"/>
  <system-out/>
  <testcase classname="testng.tutorial.day4" name="HomeLoanAPILigin" time="0.001"/>
  <system-out/>
  <testcase classname="testng.tutorial.day4" name="HomeLoanMobileLigin" time="0.002"/>
  <system-out/>
</testsuite> <!-- testng.tutorial.day4 -->
