<?xml version="1.0" encoding="UTF-8"?>
<!-- Generated by org.testng.reporters.JUnitReportReporter -->
<testsuite hostname="VMT15594" failures="0" tests="2" name="testng.GroupingFor.smoke.day4" time="0.001" errors="0" timestamp="2023-01-03T16:38:45 IST" skipped="0">
  <testcase classname="testng.GroupingFor.smoke.day4" name="HomeLoanAPILigin" time="0.001"/>
  <system-out/>
  <testcase classname="testng.GroupingFor.smoke.day4" name="HomeLoanMobileLigin" time="0.000"/>
  <system-out/>
</testsuite> <!-- testng.GroupingFor.smoke.day4 -->
