<?xml version="1.0" encoding="UTF-8"?>
<!-- Generated by org.testng.reporters.JUnitReportReporter -->
<testsuite hostname="VMT15594" failures="0" tests="1" name="testNgParllelClassExecution.day6" time="61.035" errors="0" timestamp="2023-01-03T13:32:07 IST" skipped="0">
  <testcase classname="testNgParllelClassExecution.day6" name="HomeLoanWebLigin" time="61.035"/>
  <system-out/>
</testsuite> <!-- testNgParllelClassExecution.day6 -->
