<?xml version="1.0" encoding="UTF-8"?>
<!-- Generated by org.testng.reporters.JUnitReportReporter -->
<testsuite hostname="VMT15594" failures="0" tests="4" name="testNgParllelMethodExecution.day7" time="244.050" errors="0" timestamp="2023-01-03T12:41:24 IST" skipped="0">
  <testcase classname="testNgParllelMethodExecution.day7" name="HomeLoanWebLigin4" time="61.013"/>
  <system-out/>
  <testcase classname="testNgParllelMethodExecution.day7" name="HomeLoanWebLigin2" time="61.011"/>
  <system-out/>
  <testcase classname="testNgParllelMethodExecution.day7" name="HomeLoanWebLigin1" time="61.012"/>
  <system-out/>
  <testcase classname="testNgParllelMethodExecution.day7" name="HomeLoanWebLigin3" time="61.014"/>
  <system-out/>
</testsuite> <!-- testNgParllelMethodExecution.day7 -->
