<?xml version="1.0" encoding="UTF-8"?>
<!-- Generated by org.testng.reporters.JUnitReportReporter -->
<testsuite hostname="VMT15594" failures="0" tests="6" name="testng.tutorial.day3" time="12.249" errors="0" timestamp="2023-01-03T06:19:11 IST" skipped="0">
  <testcase classname="testng.tutorial.day3" name="carCoverageValidation" time="5.166"/>
  <system-out/>
  <testcase classname="testng.tutorial.day3" name="carLoanAPILigin" time="1.624"/>
  <system-out/>
  <testcase classname="testng.tutorial.day3" name="carTelematicValidation" time="1.289"/>
  <system-out/>
  <testcase classname="testng.tutorial.day3" name="carZeroDipValidation" time="1.268"/>
  <system-out/>
  <testcase classname="testng.tutorial.day3" name="carLoanMobileLigin" time="1.572"/>
  <system-out/>
  <testcase classname="testng.tutorial.day3" name="carLoanWebLigin" time="1.330"/>
  <system-out/>
</testsuite> <!-- testng.tutorial.day3 -->
