<?xml version="1.0" encoding="UTF-8"?>
<!-- Generated by org.testng.reporters.JUnitReportReporter -->
<testsuite hostname="VMT15594" failures="0" tests="6" name="testng.tutorial2.day3" time="0.023" errors="0" timestamp="2023-01-02T18:53:23 IST" skipped="0">
  <testcase classname="testng.tutorial2.day3" name="carZeroDipValidation" time="0.002"/>
  <system-out/>
  <testcase classname="testng.tutorial2.day3" name="carLoanMobileLigin" time="0.001"/>
  <system-out/>
  <testcase classname="testng.tutorial2.day3" name="carCoverageValidation" time="0.013"/>
  <system-out/>
  <testcase classname="testng.tutorial2.day3" name="carLoanAPILigin" time="0.002"/>
  <system-out/>
  <testcase classname="testng.tutorial2.day3" name="carLoanWebLigin" time="0.003"/>
  <system-out/>
  <testcase classname="testng.tutorial2.day3" name="carTelematicValidation" time="0.002"/>
  <system-out/>
</testsuite> <!-- testng.tutorial2.day3 -->
