<?xml version="1.0" encoding="UTF-8"?>
<!-- Generated by org.testng.reporters.JUnitReportReporter -->
<testsuite hostname="VMT15594" failures="0" tests="1" name="testng.tutorial.day2" time="0.008" errors="0" timestamp="2023-01-02T19:44:19 IST" skipped="0">
  <testcase classname="testng.tutorial.day2" name="day2Test" time="0.008"/>
  <system-out/>
</testsuite> <!-- testng.tutorial.day2 -->
