<?xml version="1.0" encoding="UTF-8"?>
<!-- Generated by org.testng.reporters.JUnitReportReporter -->
<testsuite hostname="VMT15594" failures="0" tests="2" name="testng.tutorial.day1" time="0.010" errors="0" timestamp="2023-01-03T15:44:33 IST" skipped="0">
  <testcase classname="testng.tutorial.day1" name="itsATestCaseName" time="0.008"/>
  <system-out/>
  <testcase classname="testng.tutorial.day1" name="tet2" time="0.002"/>
  <system-out/>
</testsuite> <!-- testng.tutorial.day1 -->
